# JRE version: OpenJDK Runtime Environment (8.0_212-b04) (build 1.8.0_212-release-1586-b04)
# Java VM: OpenJDK 64-Bit Server VM (25.212-b04 mixed mode windows-amd64 compressed oops)
Heap:
 PSYoungGen      total 207872K, used 66772K [0x00000000e0000000, 0x00000000ef700000, 0x0000000100000000)
  eden space 185344K, 24% used [0x00000000e0000000,0x00000000e2b78088,0x00000000eb500000)
  from space 22528K, 98% used [0x00000000ebb00000,0x00000000ed0bd1d0,0x00000000ed100000)
  to   space 33792K, 0% used [0x00000000ed600000,0x00000000ed600000,0x00000000ef700000)
 ParOldGen       total 135168K, used 64954K [0x00000000a0000000, 0x00000000a8400000, 0x00000000e0000000)
  object space 135168K, 48% used [0x00000000a0000000,0x00000000a3f6e8f0,0x00000000a8400000)
 Metaspace       used 82637K, capacity 86240K, committed 86400K, reserved 1124352K
  class space    used 10755K, capacity 11569K, committed 11648K, reserved 1048576K
GC Heap History (10 events):
Event: 28.995 GC heap before
{Heap before GC invocations=16 (full 3):
 PSYoungGen      total 189440K, used 172544K [0x00000000e0000000, 0x00000000ecd00000, 0x0000000100000000)
  eden space 172544K, 100% used [0x00000000e0000000,0x00000000ea880000,0x00000000ea880000)
  from space 16896K, 0% used [0x00000000eba80000,0x00000000eba80000,0x00000000ecb00000)
  to   space 18432K, 0% used [0x00000000ea880000,0x00000000ea880000,0x00000000eba80000)
 ParOldGen       total 135168K, used 35870K [0x00000000a0000000, 0x00000000a8400000, 0x00000000e0000000)
  object space 135168K, 26% used [0x00000000a0000000,0x00000000a2307ae0,0x00000000a8400000)
 Metaspace       used 65750K, capacity 67648K, committed 67968K, reserved 1107968K
  class space    used 8801K, capacity 9265K, committed 9344K, reserved 1048576K
Event: 29.010 GC heap after
Heap after GC invocations=16 (full 3):
 PSYoungGen      total 190976K, used 13888K [0x00000000e0000000, 0x00000000ef200000, 0x0000000100000000)
  eden space 172544K, 0% used [0x00000000e0000000,0x00000000e0000000,0x00000000ea880000)
  from space 18432K, 75% used [0x00000000ea880000,0x00000000eb6103f8,0x00000000eba80000)
  to   space 19456K, 0% used [0x00000000edf00000,0x00000000edf00000,0x00000000ef200000)
 ParOldGen       total 135168K, used 35942K [0x00000000a0000000, 0x00000000a8400000, 0x00000000e0000000)
  object space 135168K, 26% used [0x00000000a0000000,0x00000000a2319af0,0x00000000a8400000)
 Metaspace       used 65750K, capacity 67648K, committed 67968K, reserved 1107968K
  class space    used 8801K, capacity 9265K, committed 9344K, reserved 1048576K
}
Event: 33.215 GC heap before
{Heap before GC invocations=17 (full 3):
 PSYoungGen      total 190976K, used 186432K [0x00000000e0000000, 0x00000000ef200000, 0x0000000100000000)
  eden space 172544K, 100% used [0x00000000e0000000,0x00000000ea880000,0x00000000ea880000)
  from space 18432K, 75% used [0x00000000ea880000,0x00000000eb6103f8,0x00000000eba80000)
  to   space 19456K, 0% used [0x00000000edf00000,0x00000000edf00000,0x00000000ef200000)
 ParOldGen       total 135168K, used 35942K [0x00000000a0000000, 0x00000000a8400000, 0x00000000e0000000)
  object space 135168K, 26% used [0x00000000a0000000,0x00000000a2319af0,0x00000000a8400000)
 Metaspace       used 73059K, capacity 75642K, committed 75776K, reserved 1114112K
  class space    used 9888K, capacity 10427K, committed 10496K, reserved 1048576K
Event: 33.241 GC heap after
Heap after GC invocations=17 (full 3):
 PSYoungGen      total 224256K, used 19445K [0x00000000e0000000, 0x00000000ef980000, 0x0000000100000000)
  eden space 204800K, 0% used [0x00000000e0000000,0x00000000e0000000,0x00000000ec800000)
  from space 19456K, 99% used [0x00000000edf00000,0x00000000ef1fd4d0,0x00000000ef200000)
  to   space 23552K, 0% used [0x00000000ec800000,0x00000000ec800000,0x00000000edf00000)
 ParOldGen       total 135168K, used 40349K [0x00000000a0000000, 0x00000000a8400000, 0x00000000e0000000)
  object space 135168K, 29% used [0x00000000a0000000,0x00000000a2767648,0x00000000a8400000)
 Metaspace       used 73059K, capacity 75642K, committed 75776K, reserved 1114112K
  class space    used 9888K, capacity 10427K, committed 10496K, reserved 1048576K
}
Event: 313.489 GC heap before
{Heap before GC invocations=18 (full 3):
 PSYoungGen      total 224256K, used 224245K [0x00000000e0000000, 0x00000000ef980000, 0x0000000100000000)
  eden space 204800K, 100% used [0x00000000e0000000,0x00000000ec800000,0x00000000ec800000)
  from space 19456K, 99% used [0x00000000edf00000,0x00000000ef1fd4d0,0x00000000ef200000)
  to   space 23552K, 0% used [0x00000000ec800000,0x00000000ec800000,0x00000000edf00000)
 ParOldGen       total 135168K, used 40349K [0x00000000a0000000, 0x00000000a8400000, 0x00000000e0000000)
  object space 135168K, 29% used [0x00000000a0000000,0x00000000a2767648,0x00000000a8400000)
 Metaspace       used 79898K, capacity 83156K, committed 83456K, reserved 1122304K
  class space    used 10440K, capacity 11185K, committed 11264K, reserved 1048576K
Event: 313.546 GC heap after
Heap after GC invocations=18 (full 3):
 PSYoungGen      total 221696K, used 23523K [0x00000000e0000000, 0x00000000efd80000, 0x0000000100000000)
  eden space 198144K, 0% used [0x00000000e0000000,0x00000000e0000000,0x00000000ec180000)
  from space 23552K, 99% used [0x00000000ec800000,0x00000000edef8d90,0x00000000edf00000)
  to   space 30720K, 0% used [0x00000000edf80000,0x00000000edf80000,0x00000000efd80000)
 ParOldGen       total 135168K, used 50932K [0x00000000a0000000, 0x00000000a8400000, 0x00000000e0000000)
  object space 135168K, 37% used [0x00000000a0000000,0x00000000a31bd2f0,0x00000000a8400000)
 Metaspace       used 79898K, capacity 83156K, committed 83456K, reserved 1122304K
  class space    used 10440K, capacity 11185K, committed 11264K, reserved 1048576K
}
Event: 433.279 GC heap before
{Heap before GC invocations=19 (full 3):
 PSYoungGen      total 221696K, used 221667K [0x00000000e0000000, 0x00000000efd80000, 0x0000000100000000)
  eden space 198144K, 100% used [0x00000000e0000000,0x00000000ec180000,0x00000000ec180000)
  from space 23552K, 99% used [0x00000000ec800000,0x00000000edef8d90,0x00000000edf00000)
  to   space 30720K, 0% used [0x00000000edf80000,0x00000000edf80000,0x00000000efd80000)
 ParOldGen       total 135168K, used 50932K [0x00000000a0000000, 0x00000000a8400000, 0x00000000e0000000)
  object space 135168K, 37% used [0x00000000a0000000,0x00000000a31bd2f0,0x00000000a8400000)
 Metaspace       used 81934K, capacity 85394K, committed 85504K, reserved 1124352K
  class space    used 10717K, capacity 11504K, committed 11520K, reserved 1048576K
Event: 433.349 GC heap after
Heap after GC invocations=19 (full 3):
 PSYoungGen      total 218624K, used 22960K [0x00000000e0000000, 0x00000000efa00000, 0x0000000100000000)
  eden space 191488K, 0% used [0x00000000e0000000,0x00000000e0000000,0x00000000ebb00000)
  from space 27136K, 84% used [0x00000000edf80000,0x00000000ef5ec380,0x00000000efa00000)
  to   space 32256K, 0% used [0x00000000ebb00000,0x00000000ebb00000,0x00000000eda80000)
 ParOldGen       total 135168K, used 64946K [0x00000000a0000000, 0x00000000a8400000, 0x00000000e0000000)
  object space 135168K, 48% used [0x00000000a0000000,0x00000000a3f6c8f0,0x00000000a8400000)
 Metaspace       used 81934K, capacity 85394K, committed 85504K, reserved 1124352K
  class space    used 10717K, capacity 11504K, committed 11520K, reserved 1048576K
}
Event: 8143.458 GC heap before
{Heap before GC invocations=20 (full 3):
 PSYoungGen      total 218624K, used 214448K [0x00000000e0000000, 0x00000000efa00000, 0x0000000100000000)
  eden space 191488K, 100% used [0x00000000e0000000,0x00000000ebb00000,0x00000000ebb00000)
  from space 27136K, 84% used [0x00000000edf80000,0x00000000ef5ec380,0x00000000efa00000)
  to   space 32256K, 0% used [0x00000000ebb00000,0x00000000ebb00000,0x00000000eda80000)
 ParOldGen       total 135168K, used 64946K [0x00000000a0000000, 0x00000000a8400000, 0x00000000e0000000)
  object space 135168K, 48% used [0x00000000a0000000,0x00000000a3f6c8f0,0x00000000a8400000)
 Metaspace       used 82509K, capacity 86156K, committed 86400K, reserved 1124352K
  class space    used 10748K, capacity 11555K, committed 11648K, reserved 1048576K
Event: 8152.353 GC heap after
Heap after GC invocations=20 (full 3):
 PSYoungGen      total 207872K, used 22260K [0x00000000e0000000, 0x00000000ef700000, 0x0000000100000000)
  eden space 185344K, 0% used [0x00000000e0000000,0x00000000e0000000,0x00000000eb500000)
  from space 22528K, 98% used [0x00000000ebb00000,0x00000000ed0bd1d0,0x00000000ed100000)
  to   space 33792K, 0% used [0x00000000ed600000,0x00000000ed600000,0x00000000ef700000)
 ParOldGen       total 135168K, used 64954K [0x00000000a0000000, 0x00000000a8400000, 0x00000000e0000000)
  object space 135168K, 48% used [0x00000000a0000000,0x00000000a3f6e8f0,0x00000000a8400000)
 Metaspace       used 82509K, capacity 86156K, committed 86400K, reserved 1124352K
  class space    used 10748K, capacity 11555K, committed 11648K, reserved 1048576K
}

