# JRE version: OpenJDK Runtime Environment (8.0_212-b04) (build 1.8.0_212-release-1586-b04)
# Java VM: OpenJDK 64-Bit Server VM (25.212-b04 mixed mode windows-amd64 compressed oops)
Heap:
 PSYoungGen      total 144896K, used 61001K [0x00000000e0000000, 0x00000000ecb80000, 0x0000000100000000)
  eden space 121344K, 50% used [0x00000000e0000000,0x00000000e3b927c0,0x00000000e7680000)
  from space 23552K, 0% used [0x00000000e9b00000,0x00000000e9b00000,0x00000000eb200000)
  to   space 37376K, 0% used [0x00000000e7680000,0x00000000e7680000,0x00000000e9b00000)
 ParOldGen       total 137728K, used 94420K [0x00000000a0000000, 0x00000000a8680000, 0x00000000e0000000)
  object space 137728K, 68% used [0x00000000a0000000,0x00000000a5c352e8,0x00000000a8680000)
 Metaspace       used 102869K, capacity 106776K, committed 106880K, reserved 1142784K
  class space    used 13075K, capacity 13907K, committed 13952K, reserved 1048576K
GC Heap History (10 events):
Event: 159.792 GC heap before
{Heap before GC invocations=42 (full 4):
 PSYoungGen      total 134656K, used 134632K [0x00000000e0000000, 0x00000000eb200000, 0x0000000100000000)
  eden space 120832K, 100% used [0x00000000e0000000,0x00000000e7600000,0x00000000e7600000)
  from space 13824K, 99% used [0x00000000e7600000,0x00000000e837a038,0x00000000e8380000)
  to   space 23552K, 0% used [0x00000000e9b00000,0x00000000e9b00000,0x00000000eb200000)
 ParOldGen       total 137728K, used 99857K [0x00000000a0000000, 0x00000000a8680000, 0x00000000e0000000)
  object space 137728K, 72% used [0x00000000a0000000,0x00000000a61846f8,0x00000000a8680000)
 Metaspace       used 101591K, capacity 105372K, committed 105600K, reserved 1140736K
  class space    used 13028K, capacity 13871K, committed 13952K, reserved 1048576K
Event: 159.871 GC heap after
Heap after GC invocations=42 (full 4):
 PSYoungGen      total 144384K, used 23536K [0x00000000e0000000, 0x00000000eb200000, 0x0000000100000000)
  eden space 120832K, 0% used [0x00000000e0000000,0x00000000e0000000,0x00000000e7600000)
  from space 23552K, 99% used [0x00000000e9b00000,0x00000000eb1fc1e0,0x00000000eb200000)
  to   space 13824K, 0% used [0x00000000e7600000,0x00000000e7600000,0x00000000e8380000)
 ParOldGen       total 137728K, used 121686K [0x00000000a0000000, 0x00000000a8680000, 0x00000000e0000000)
  object space 137728K, 88% used [0x00000000a0000000,0x00000000a76d59b0,0x00000000a8680000)
 Metaspace       used 101591K, capacity 105372K, committed 105600K, reserved 1140736K
  class space    used 13028K, capacity 13871K, committed 13952K, reserved 1048576K
}
Event: 159.871 GC heap before
{Heap before GC invocations=43 (full 5):
 PSYoungGen      total 144384K, used 23536K [0x00000000e0000000, 0x00000000eb200000, 0x0000000100000000)
  eden space 120832K, 0% used [0x00000000e0000000,0x00000000e0000000,0x00000000e7600000)
  from space 23552K, 99% used [0x00000000e9b00000,0x00000000eb1fc1e0,0x00000000eb200000)
  to   space 13824K, 0% used [0x00000000e7600000,0x00000000e7600000,0x00000000e8380000)
 ParOldGen       total 137728K, used 121686K [0x00000000a0000000, 0x00000000a8680000, 0x00000000e0000000)
  object space 137728K, 88% used [0x00000000a0000000,0x00000000a76d59b0,0x00000000a8680000)
 Metaspace       used 101591K, capacity 105372K, committed 105600K, reserved 1140736K
  class space    used 13028K, capacity 13871K, committed 13952K, reserved 1048576K
Event: 160.366 GC heap after
Heap after GC invocations=43 (full 5):
 PSYoungGen      total 144384K, used 0K [0x00000000e0000000, 0x00000000eb200000, 0x0000000100000000)
  eden space 120832K, 0% used [0x00000000e0000000,0x00000000e0000000,0x00000000e7600000)
  from space 23552K, 0% used [0x00000000e9b00000,0x00000000e9b00000,0x00000000eb200000)
  to   space 13824K, 0% used [0x00000000e7600000,0x00000000e7600000,0x00000000e8380000)
 ParOldGen       total 137728K, used 117467K [0x00000000a0000000, 0x00000000a8680000, 0x00000000e0000000)
  object space 137728K, 85% used [0x00000000a0000000,0x00000000a72b6e20,0x00000000a8680000)
 Metaspace       used 101580K, capacity 105348K, committed 105600K, reserved 1140736K
  class space    used 13026K, capacity 13867K, committed 13952K, reserved 1048576K
}
Event: 161.305 GC heap before
{Heap before GC invocations=44 (full 5):
 PSYoungGen      total 144384K, used 120832K [0x00000000e0000000, 0x00000000eb200000, 0x0000000100000000)
  eden space 120832K, 100% used [0x00000000e0000000,0x00000000e7600000,0x00000000e7600000)
  from space 23552K, 0% used [0x00000000e9b00000,0x00000000e9b00000,0x00000000eb200000)
  to   space 13824K, 0% used [0x00000000e7600000,0x00000000e7600000,0x00000000e8380000)
 ParOldGen       total 137728K, used 117467K [0x00000000a0000000, 0x00000000a8680000, 0x00000000e0000000)
  object space 137728K, 85% used [0x00000000a0000000,0x00000000a72b6e20,0x00000000a8680000)
 Metaspace       used 102188K, capacity 106078K, committed 106368K, reserved 1142784K
  class space    used 13046K, capacity 13888K, committed 13952K, reserved 1048576K
Event: 161.314 GC heap after
Heap after GC invocations=44 (full 5):
 PSYoungGen      total 134656K, used 7370K [0x00000000e0000000, 0x00000000eb200000, 0x0000000100000000)
  eden space 120832K, 0% used [0x00000000e0000000,0x00000000e0000000,0x00000000e7600000)
  from space 13824K, 53% used [0x00000000e7600000,0x00000000e7d32a20,0x00000000e8380000)
  to   space 23552K, 0% used [0x00000000e9b00000,0x00000000e9b00000,0x00000000eb200000)
 ParOldGen       total 137728K, used 117475K [0x00000000a0000000, 0x00000000a8680000, 0x00000000e0000000)
  object space 137728K, 85% used [0x00000000a0000000,0x00000000a72b8e20,0x00000000a8680000)
 Metaspace       used 102188K, capacity 106078K, committed 106368K, reserved 1142784K
  class space    used 13046K, capacity 13888K, committed 13952K, reserved 1048576K
}
Event: 179.761 GC heap before
{Heap before GC invocations=45 (full 5):
 PSYoungGen      total 134656K, used 128202K [0x00000000e0000000, 0x00000000eb200000, 0x0000000100000000)
  eden space 120832K, 100% used [0x00000000e0000000,0x00000000e7600000,0x00000000e7600000)
  from space 13824K, 53% used [0x00000000e7600000,0x00000000e7d32a20,0x00000000e8380000)
  to   space 23552K, 0% used [0x00000000e9b00000,0x00000000e9b00000,0x00000000eb200000)
 ParOldGen       total 137728K, used 117475K [0x00000000a0000000, 0x00000000a8680000, 0x00000000e0000000)
  object space 137728K, 85% used [0x00000000a0000000,0x00000000a72b8e20,0x00000000a8680000)
 Metaspace       used 102547K, capacity 106456K, committed 106624K, reserved 1142784K
  class space    used 13072K, capacity 13907K, committed 13952K, reserved 1048576K
Event: 179.789 GC heap after
Heap after GC invocations=45 (full 5):
 PSYoungGen      total 144896K, used 23536K [0x00000000e0000000, 0x00000000ecb80000, 0x0000000100000000)
  eden space 121344K, 0% used [0x00000000e0000000,0x00000000e0000000,0x00000000e7680000)
  from space 23552K, 99% used [0x00000000e9b00000,0x00000000eb1fc3a8,0x00000000eb200000)
  to   space 37376K, 0% used [0x00000000e7680000,0x00000000e7680000,0x00000000e9b00000)
 ParOldGen       total 137728K, used 121455K [0x00000000a0000000, 0x00000000a8680000, 0x00000000e0000000)
  object space 137728K, 88% used [0x00000000a0000000,0x00000000a769be18,0x00000000a8680000)
 Metaspace       used 102547K, capacity 106456K, committed 106624K, reserved 1142784K
  class space    used 13072K, capacity 13907K, committed 13952K, reserved 1048576K
}
Event: 179.789 GC heap before
{Heap before GC invocations=46 (full 6):
 PSYoungGen      total 144896K, used 23536K [0x00000000e0000000, 0x00000000ecb80000, 0x0000000100000000)
  eden space 121344K, 0% used [0x00000000e0000000,0x00000000e0000000,0x00000000e7680000)
  from space 23552K, 99% used [0x00000000e9b00000,0x00000000eb1fc3a8,0x00000000eb200000)
  to   space 37376K, 0% used [0x00000000e7680000,0x00000000e7680000,0x00000000e9b00000)
 ParOldGen       total 137728K, used 121455K [0x00000000a0000000, 0x00000000a8680000, 0x00000000e0000000)
  object space 137728K, 88% used [0x00000000a0000000,0x00000000a769be18,0x00000000a8680000)
 Metaspace       used 102547K, capacity 106456K, committed 106624K, reserved 1142784K
  class space    used 13072K, capacity 13907K, committed 13952K, reserved 1048576K
Event: 180.015 GC heap after
Heap after GC invocations=46 (full 6):
 PSYoungGen      total 144896K, used 0K [0x00000000e0000000, 0x00000000ecb80000, 0x0000000100000000)
  eden space 121344K, 0% used [0x00000000e0000000,0x00000000e0000000,0x00000000e7680000)
  from space 23552K, 0% used [0x00000000e9b00000,0x00000000e9b00000,0x00000000eb200000)
  to   space 37376K, 0% used [0x00000000e7680000,0x00000000e7680000,0x00000000e9b00000)
 ParOldGen       total 137728K, used 94420K [0x00000000a0000000, 0x00000000a8680000, 0x00000000e0000000)
  object space 137728K, 68% used [0x00000000a0000000,0x00000000a5c352e8,0x00000000a8680000)
 Metaspace       used 102547K, capacity 106456K, committed 106624K, reserved 1142784K
  class space    used 13072K, capacity 13907K, committed 13952K, reserved 1048576K
}

