# JRE version: OpenJDK Runtime Environment (8.0_212-b04) (build 1.8.0_212-release-1586-b04)
# Java VM: OpenJDK 64-Bit Server VM (25.212-b04 mixed mode windows-amd64 compressed oops)
Heap:
 PSYoungGen      total 445440K, used 137171K [0x00000000e0000000, 0x00000000ffd00000, 0x0000000100000000)
  eden space 374784K, 33% used [0x00000000e0000000,0x00000000e7aa78e0,0x00000000f6e00000)
  from space 70656K, 16% used [0x00000000fb800000,0x00000000fc34d588,0x00000000ffd00000)
  to   space 73216K, 0% used [0x00000000f6e00000,0x00000000f6e00000,0x00000000fb580000)
 ParOldGen       total 220672K, used 149838K [0x00000000a0000000, 0x00000000ad780000, 0x00000000e0000000)
  object space 220672K, 67% used [0x00000000a0000000,0x00000000a92538c8,0x00000000ad780000)
 Metaspace       used 113393K, capacity 120320K, committed 120488K, reserved 1155072K
  class space    used 14117K, capacity 15433K, committed 15528K, reserved 1048576K
GC Heap History (10 events):
Event: 4554.203 GC heap before
{Heap before GC invocations=47 (full 5):
 PSYoungGen      total 448512K, used 404678K [0x00000000e0000000, 0x00000000ffa80000, 0x0000000100000000)
  eden space 377856K, 100% used [0x00000000e0000000,0x00000000f7100000,0x00000000f7100000)
  from space 70656K, 37% used [0x00000000f7100000,0x00000000f8b318e8,0x00000000fb600000)
  to   space 68608K, 0% used [0x00000000fb780000,0x00000000fb780000,0x00000000ffa80000)
 ParOldGen       total 220672K, used 130759K [0x00000000a0000000, 0x00000000ad780000, 0x00000000e0000000)
  object space 220672K, 59% used [0x00000000a0000000,0x00000000a7fb1d90,0x00000000ad780000)
 Metaspace       used 113017K, capacity 119748K, committed 119848K, reserved 1153024K
  class space    used 14095K, capacity 15375K, committed 15400K, reserved 1048576K
Event: 4554.237 GC heap after
Heap after GC invocations=47 (full 5):
 PSYoungGen      total 451072K, used 21405K [0x00000000e0000000, 0x00000000ffc00000, 0x0000000100000000)
  eden space 382464K, 0% used [0x00000000e0000000,0x00000000e0000000,0x00000000f7580000)
  from space 68608K, 31% used [0x00000000fb780000,0x00000000fcc67520,0x00000000ffa80000)
  to   space 67584K, 0% used [0x00000000f7580000,0x00000000f7580000,0x00000000fb780000)
 ParOldGen       total 220672K, used 130822K [0x00000000a0000000, 0x00000000ad780000, 0x00000000e0000000)
  object space 220672K, 59% used [0x00000000a0000000,0x00000000a7fc1a88,0x00000000ad780000)
 Metaspace       used 113017K, capacity 119748K, committed 119848K, reserved 1153024K
  class space    used 14095K, capacity 15375K, committed 15400K, reserved 1048576K
}
Event: 4556.205 GC heap before
{Heap before GC invocations=48 (full 5):
 PSYoungGen      total 451072K, used 403869K [0x00000000e0000000, 0x00000000ffc00000, 0x0000000100000000)
  eden space 382464K, 100% used [0x00000000e0000000,0x00000000f7580000,0x00000000f7580000)
  from space 68608K, 31% used [0x00000000fb780000,0x00000000fcc67520,0x00000000ffa80000)
  to   space 67584K, 0% used [0x00000000f7580000,0x00000000f7580000,0x00000000fb780000)
 ParOldGen       total 220672K, used 130822K [0x00000000a0000000, 0x00000000ad780000, 0x00000000e0000000)
  object space 220672K, 59% used [0x00000000a0000000,0x00000000a7fc1a88,0x00000000ad780000)
 Metaspace       used 113070K, capacity 119900K, committed 120104K, reserved 1155072K
  class space    used 14096K, capacity 15377K, committed 15400K, reserved 1048576K
Event: 4556.246 GC heap after
Heap after GC invocations=48 (full 5):
 PSYoungGen      total 450048K, used 8585K [0x00000000e0000000, 0x0000000100000000, 0x0000000100000000)
  eden space 382464K, 0% used [0x00000000e0000000,0x00000000e0000000,0x00000000f7580000)
  from space 67584K, 12% used [0x00000000f7580000,0x00000000f7de2428,0x00000000fb780000)
  to   space 68608K, 0% used [0x00000000fbd00000,0x00000000fbd00000,0x0000000100000000)
 ParOldGen       total 220672K, used 140217K [0x00000000a0000000, 0x00000000ad780000, 0x00000000e0000000)
  object space 220672K, 63% used [0x00000000a0000000,0x00000000a88ee600,0x00000000ad780000)
 Metaspace       used 113070K, capacity 119900K, committed 120104K, reserved 1155072K
  class space    used 14096K, capacity 15377K, committed 15400K, reserved 1048576K
}
Event: 4558.662 GC heap before
{Heap before GC invocations=49 (full 5):
 PSYoungGen      total 450048K, used 391049K [0x00000000e0000000, 0x0000000100000000, 0x0000000100000000)
  eden space 382464K, 100% used [0x00000000e0000000,0x00000000f7580000,0x00000000f7580000)
  from space 67584K, 12% used [0x00000000f7580000,0x00000000f7de2428,0x00000000fb780000)
  to   space 68608K, 0% used [0x00000000fbd00000,0x00000000fbd00000,0x0000000100000000)
 ParOldGen       total 220672K, used 140217K [0x00000000a0000000, 0x00000000ad780000, 0x00000000e0000000)
  object space 220672K, 63% used [0x00000000a0000000,0x00000000a88ee600,0x00000000ad780000)
 Metaspace       used 113105K, capacity 120018K, committed 120104K, reserved 1155072K
  class space    used 14100K, capacity 15384K, committed 15400K, reserved 1048576K
Event: 4558.743 GC heap after
Heap after GC invocations=49 (full 5):
 PSYoungGen      total 441344K, used 61355K [0x00000000e0000000, 0x0000000100000000, 0x0000000100000000)
  eden space 372736K, 0% used [0x00000000e0000000,0x00000000e0000000,0x00000000f6c00000)
  from space 68608K, 89% used [0x00000000fbd00000,0x00000000ff8ead40,0x0000000100000000)
  to   space 75776K, 0% used [0x00000000f6c00000,0x00000000f6c00000,0x00000000fb600000)
 ParOldGen       total 220672K, used 140871K [0x00000000a0000000, 0x00000000ad780000, 0x00000000e0000000)
  object space 220672K, 63% used [0x00000000a0000000,0x00000000a8991d38,0x00000000ad780000)
 Metaspace       used 113105K, capacity 120018K, committed 120104K, reserved 1155072K
  class space    used 14100K, capacity 15384K, committed 15400K, reserved 1048576K
}
Event: 4583.091 GC heap before
{Heap before GC invocations=50 (full 5):
 PSYoungGen      total 441344K, used 434091K [0x00000000e0000000, 0x0000000100000000, 0x0000000100000000)
  eden space 372736K, 100% used [0x00000000e0000000,0x00000000f6c00000,0x00000000f6c00000)
  from space 68608K, 89% used [0x00000000fbd00000,0x00000000ff8ead40,0x0000000100000000)
  to   space 75776K, 0% used [0x00000000f6c00000,0x00000000f6c00000,0x00000000fb600000)
 ParOldGen       total 220672K, used 140871K [0x00000000a0000000, 0x00000000ad780000, 0x00000000e0000000)
  object space 220672K, 63% used [0x00000000a0000000,0x00000000a8991d38,0x00000000ad780000)
 Metaspace       used 113223K, capacity 120172K, committed 120360K, reserved 1155072K
  class space    used 14103K, capacity 15387K, committed 15400K, reserved 1048576K
Event: 4583.116 GC heap after
Heap after GC invocations=50 (full 5):
 PSYoungGen      total 448512K, used 21059K [0x00000000e0000000, 0x0000000100000000, 0x0000000100000000)
  eden space 372736K, 0% used [0x00000000e0000000,0x00000000e0000000,0x00000000f6c00000)
  from space 75776K, 27% used [0x00000000f6c00000,0x00000000f8090fa0,0x00000000fb600000)
  to   space 73728K, 0% used [0x00000000fb800000,0x00000000fb800000,0x0000000100000000)
 ParOldGen       total 220672K, used 141273K [0x00000000a0000000, 0x00000000ad780000, 0x00000000e0000000)
  object space 220672K, 64% used [0x00000000a0000000,0x00000000a89f6748,0x00000000ad780000)
 Metaspace       used 113223K, capacity 120172K, committed 120360K, reserved 1155072K
  class space    used 14103K, capacity 15387K, committed 15400K, reserved 1048576K
}
Event: 4587.612 GC heap before
{Heap before GC invocations=51 (full 5):
 PSYoungGen      total 448512K, used 393795K [0x00000000e0000000, 0x0000000100000000, 0x0000000100000000)
  eden space 372736K, 100% used [0x00000000e0000000,0x00000000f6c00000,0x00000000f6c00000)
  from space 75776K, 27% used [0x00000000f6c00000,0x00000000f8090fa0,0x00000000fb600000)
  to   space 73728K, 0% used [0x00000000fb800000,0x00000000fb800000,0x0000000100000000)
 ParOldGen       total 220672K, used 141273K [0x00000000a0000000, 0x00000000ad780000, 0x00000000e0000000)
  object space 220672K, 64% used [0x00000000a0000000,0x00000000a89f6748,0x00000000ad780000)
 Metaspace       used 113391K, capacity 120320K, committed 120488K, reserved 1155072K
  class space    used 14117K, capacity 15433K, committed 15528K, reserved 1048576K
Event: 4587.686 GC heap after
Heap after GC invocations=51 (full 5):
 PSYoungGen      total 445440K, used 11573K [0x00000000e0000000, 0x00000000ffd00000, 0x0000000100000000)
  eden space 374784K, 0% used [0x00000000e0000000,0x00000000e0000000,0x00000000f6e00000)
  from space 70656K, 16% used [0x00000000fb800000,0x00000000fc34d588,0x00000000ffd00000)
  to   space 73216K, 0% used [0x00000000f6e00000,0x00000000f6e00000,0x00000000fb580000)
 ParOldGen       total 220672K, used 149838K [0x00000000a0000000, 0x00000000ad780000, 0x00000000e0000000)
  object space 220672K, 67% used [0x00000000a0000000,0x00000000a92538c8,0x00000000ad780000)
 Metaspace       used 113391K, capacity 120320K, committed 120488K, reserved 1155072K
  class space    used 14117K, capacity 15433K, committed 15528K, reserved 1048576K
}

