# JRE version: OpenJDK Runtime Environment (8.0_212-b04) (build 1.8.0_212-release-1586-b04)
# Java VM: OpenJDK 64-Bit Server VM (25.212-b04 mixed mode windows-amd64 compressed oops)
Heap:
 PSYoungGen      total 212480K, used 96031K [0x00000000e0000000, 0x00000000ee980000, 0x0000000100000000)
  eden space 194048K, 39% used [0x00000000e0000000,0x00000000e4bca948,0x00000000ebd80000)
  from space 18432K, 99% used [0x00000000ed280000,0x00000000ee47d4d0,0x00000000ee480000)
  to   space 21504K, 0% used [0x00000000ebd80000,0x00000000ebd80000,0x00000000ed280000)
 ParOldGen       total 143872K, used 40041K [0x00000000a0000000, 0x00000000a8c80000, 0x00000000e0000000)
  object space 143872K, 27% used [0x00000000a0000000,0x00000000a271a500,0x00000000a8c80000)
 Metaspace       used 75795K, capacity 78852K, committed 79128K, reserved 1118208K
  class space    used 10080K, capacity 10767K, committed 10792K, reserved 1048576K
GC Heap History (10 events):
Event: 15.369 GC heap before
{Heap before GC invocations=13 (full 2):
 PSYoungGen      total 142336K, used 142326K [0x00000000e0000000, 0x00000000e9c00000, 0x0000000100000000)
  eden space 130048K, 100% used [0x00000000e0000000,0x00000000e7f00000,0x00000000e7f00000)
  from space 12288K, 99% used [0x00000000e9000000,0x00000000e9bfdae8,0x00000000e9c00000)
  to   space 13824K, 0% used [0x00000000e8100000,0x00000000e8100000,0x00000000e8e80000)
 ParOldGen       total 92672K, used 18099K [0x00000000a0000000, 0x00000000a5a80000, 0x00000000e0000000)
  object space 92672K, 19% used [0x00000000a0000000,0x00000000a11acc58,0x00000000a5a80000)
 Metaspace       used 53741K, capacity 55274K, committed 55592K, reserved 1097728K
  class space    used 7217K, capacity 7638K, committed 7720K, reserved 1048576K
Event: 15.393 GC heap after
Heap after GC invocations=13 (full 2):
 PSYoungGen      total 145920K, used 13814K [0x00000000e0000000, 0x00000000ec280000, 0x0000000100000000)
  eden space 132096K, 0% used [0x00000000e0000000,0x00000000e0000000,0x00000000e8100000)
  from space 13824K, 99% used [0x00000000e8100000,0x00000000e8e7da58,0x00000000e8e80000)
  to   space 18432K, 0% used [0x00000000eb080000,0x00000000eb080000,0x00000000ec280000)
 ParOldGen       total 92672K, used 26680K [0x00000000a0000000, 0x00000000a5a80000, 0x00000000e0000000)
  object space 92672K, 28% used [0x00000000a0000000,0x00000000a1a0e388,0x00000000a5a80000)
 Metaspace       used 53741K, capacity 55274K, committed 55592K, reserved 1097728K
  class space    used 7217K, capacity 7638K, committed 7720K, reserved 1048576K
}
Event: 16.777 GC heap before
{Heap before GC invocations=14 (full 2):
 PSYoungGen      total 145920K, used 90118K [0x00000000e0000000, 0x00000000ec280000, 0x0000000100000000)
  eden space 132096K, 57% used [0x00000000e0000000,0x00000000e4a83e50,0x00000000e8100000)
  from space 13824K, 99% used [0x00000000e8100000,0x00000000e8e7da58,0x00000000e8e80000)
  to   space 18432K, 0% used [0x00000000eb080000,0x00000000eb080000,0x00000000ec280000)
 ParOldGen       total 92672K, used 26680K [0x00000000a0000000, 0x00000000a5a80000, 0x00000000e0000000)
  object space 92672K, 28% used [0x00000000a0000000,0x00000000a1a0e388,0x00000000a5a80000)
 Metaspace       used 57447K, capacity 59142K, committed 59160K, reserved 1099776K
  class space    used 7784K, capacity 8217K, committed 8232K, reserved 1048576K
Event: 16.796 GC heap after
Heap after GC invocations=14 (full 2):
 PSYoungGen      total 181248K, used 7832K [0x00000000e0000000, 0x00000000ec480000, 0x0000000100000000)
  eden space 162816K, 0% used [0x00000000e0000000,0x00000000e0000000,0x00000000e9f00000)
  from space 18432K, 42% used [0x00000000eb080000,0x00000000eb826340,0x00000000ec280000)
  to   space 17920K, 0% used [0x00000000e9f00000,0x00000000e9f00000,0x00000000eb080000)
 ParOldGen       total 92672K, used 35194K [0x00000000a0000000, 0x00000000a5a80000, 0x00000000e0000000)
  object space 92672K, 37% used [0x00000000a0000000,0x00000000a225eac8,0x00000000a5a80000)
 Metaspace       used 57447K, capacity 59142K, committed 59160K, reserved 1099776K
  class space    used 7784K, capacity 8217K, committed 8232K, reserved 1048576K
}
Event: 16.796 GC heap before
{Heap before GC invocations=15 (full 3):
 PSYoungGen      total 181248K, used 7832K [0x00000000e0000000, 0x00000000ec480000, 0x0000000100000000)
  eden space 162816K, 0% used [0x00000000e0000000,0x00000000e0000000,0x00000000e9f00000)
  from space 18432K, 42% used [0x00000000eb080000,0x00000000eb826340,0x00000000ec280000)
  to   space 17920K, 0% used [0x00000000e9f00000,0x00000000e9f00000,0x00000000eb080000)
 ParOldGen       total 92672K, used 35194K [0x00000000a0000000, 0x00000000a5a80000, 0x00000000e0000000)
  object space 92672K, 37% used [0x00000000a0000000,0x00000000a225eac8,0x00000000a5a80000)
 Metaspace       used 57447K, capacity 59142K, committed 59160K, reserved 1099776K
  class space    used 7784K, capacity 8217K, committed 8232K, reserved 1048576K
Event: 17.082 GC heap after
Heap after GC invocations=15 (full 3):
 PSYoungGen      total 181248K, used 0K [0x00000000e0000000, 0x00000000ec480000, 0x0000000100000000)
  eden space 162816K, 0% used [0x00000000e0000000,0x00000000e0000000,0x00000000e9f00000)
  from space 18432K, 0% used [0x00000000eb080000,0x00000000eb080000,0x00000000ec280000)
  to   space 17920K, 0% used [0x00000000e9f00000,0x00000000e9f00000,0x00000000eb080000)
 ParOldGen       total 143872K, used 37404K [0x00000000a0000000, 0x00000000a8c80000, 0x00000000e0000000)
  object space 143872K, 25% used [0x00000000a0000000,0x00000000a2487058,0x00000000a8c80000)
 Metaspace       used 57438K, capacity 59112K, committed 59160K, reserved 1099776K
  class space    used 7782K, capacity 8212K, committed 8232K, reserved 1048576K
}
Event: 20.638 GC heap before
{Heap before GC invocations=16 (full 3):
 PSYoungGen      total 181248K, used 162816K [0x00000000e0000000, 0x00000000ec480000, 0x0000000100000000)
  eden space 162816K, 100% used [0x00000000e0000000,0x00000000e9f00000,0x00000000e9f00000)
  from space 18432K, 0% used [0x00000000eb080000,0x00000000eb080000,0x00000000ec280000)
  to   space 17920K, 0% used [0x00000000e9f00000,0x00000000e9f00000,0x00000000eb080000)
 ParOldGen       total 143872K, used 37404K [0x00000000a0000000, 0x00000000a8c80000, 0x00000000e0000000)
  object space 143872K, 25% used [0x00000000a0000000,0x00000000a2487058,0x00000000a8c80000)
 Metaspace       used 65274K, capacity 67410K, committed 67608K, reserved 1107968K
  class space    used 8916K, capacity 9444K, committed 9512K, reserved 1048576K
Event: 20.667 GC heap after
Heap after GC invocations=16 (full 3):
 PSYoungGen      total 180736K, used 12570K [0x00000000e0000000, 0x00000000ee480000, 0x0000000100000000)
  eden space 162816K, 0% used [0x00000000e0000000,0x00000000e0000000,0x00000000e9f00000)
  from space 17920K, 70% used [0x00000000e9f00000,0x00000000eab46a40,0x00000000eb080000)
  to   space 18432K, 0% used [0x00000000ed280000,0x00000000ed280000,0x00000000ee480000)
 ParOldGen       total 143872K, used 37476K [0x00000000a0000000, 0x00000000a8c80000, 0x00000000e0000000)
  object space 143872K, 26% used [0x00000000a0000000,0x00000000a2499068,0x00000000a8c80000)
 Metaspace       used 65274K, capacity 67410K, committed 67608K, reserved 1107968K
  class space    used 8916K, capacity 9444K, committed 9512K, reserved 1048576K
}
Event: 23.947 GC heap before
{Heap before GC invocations=17 (full 3):
 PSYoungGen      total 180736K, used 175386K [0x00000000e0000000, 0x00000000ee480000, 0x0000000100000000)
  eden space 162816K, 100% used [0x00000000e0000000,0x00000000e9f00000,0x00000000e9f00000)
  from space 17920K, 70% used [0x00000000e9f00000,0x00000000eab46a40,0x00000000eb080000)
  to   space 18432K, 0% used [0x00000000ed280000,0x00000000ed280000,0x00000000ee480000)
 ParOldGen       total 143872K, used 37476K [0x00000000a0000000, 0x00000000a8c80000, 0x00000000e0000000)
  object space 143872K, 26% used [0x00000000a0000000,0x00000000a2499068,0x00000000a8c80000)
 Metaspace       used 70602K, capacity 73166K, committed 73496K, reserved 1112064K
  class space    used 9633K, capacity 10159K, committed 10280K, reserved 1048576K
Event: 23.977 GC heap after
Heap after GC invocations=17 (full 3):
 PSYoungGen      total 212480K, used 18421K [0x00000000e0000000, 0x00000000ee980000, 0x0000000100000000)
  eden space 194048K, 0% used [0x00000000e0000000,0x00000000e0000000,0x00000000ebd80000)
  from space 18432K, 99% used [0x00000000ed280000,0x00000000ee47d4d0,0x00000000ee480000)
  to   space 21504K, 0% used [0x00000000ebd80000,0x00000000ebd80000,0x00000000ed280000)
 ParOldGen       total 143872K, used 40041K [0x00000000a0000000, 0x00000000a8c80000, 0x00000000e0000000)
  object space 143872K, 27% used [0x00000000a0000000,0x00000000a271a500,0x00000000a8c80000)
 Metaspace       used 70602K, capacity 73166K, committed 73496K, reserved 1112064K
  class space    used 9633K, capacity 10159K, committed 10280K, reserved 1048576K
}

